<?xml version="1.0" encoding="UTF-8"?>
<!-- Generated by org.testng.reporters.JUnitReportReporter -->
<testsuite skipped="0" hostname="Owner-VAIO" name="runner.RunCuke" tests="1" failures="0" timestamp="29 Jan 2021 06:27:42 GMT" time="74.335" errors="0">
  <testcase name="runScenario" time="74.335" classname="runner.RunCuke"/>
</testsuite> <!-- runner.RunCuke -->
