<?xml version="1.0" encoding="UTF-8"?>
<!-- Generated by org.testng.reporters.JUnitReportReporter -->
<testsuite skipped="0" hostname="Owner-VAIO" name="runner.RunCuke" tests="1" failures="0" timestamp="30 Jan 2021 23:37:53 GMT" time="32.209" errors="0">
  <testcase name="runScenario" time="32.209" classname="runner.RunCuke"/>
</testsuite> <!-- runner.RunCuke -->
